ID VALUE	HANDLE TYPE	CLAW TYPE
---------------------------------------------------------------
		HAMMERS
---------------------------------------------------------------
1		s		1
2		s		2
3		s		3
4		l		1
5		l		2
6		l		3
7		s		1
8		s		2
9		s		3
10		l		1
11		l		2
12		l		3
---------------------------------------------------------------
		LONG HAMMERS
---------------------------------------------------------------
4		l		1
5		l		2
6		l		3
10		l		1
11		l		2
12		l		3
---------------------------------------------------------------
		SHORT HAMMERS
---------------------------------------------------------------
1		s		1
2		s		2
3		s		3
7		s		1
8		s		2
9		s		3
---------------------------------------------------------------
		SHORT FLEX/RIP CLAW HAMMERS
---------------------------------------------------------------
1		s		1
7		s		1
2		s		2
8		s		2
---------------------------------------------------------------
		LONG CURVED CLAW HAMMERS
---------------------------------------------------------------
6		l		3
12		l		3
